ISC Node Supernode Starting...
Initializing core protocols...
Loading embedding model (Xenova/all-MiniLM-L6-v2)...
dtype not specified for "model". Using the default dtype (fp32) for this device (cpu).
Model loaded successfully.
libp2p Supernode started!
Listening on:
/ip4/127.0.0.1/tcp/9090/ws/p2p/12D3KooWKQDPN7rmocU385fhK23ukUNHqMHuH9Y1SSSFqHK3qsMk
/ip4/192.168.0.2/tcp/9090/ws/p2p/12D3KooWKQDPN7rmocU385fhK23ukUNHqMHuH9Y1SSSFqHK3qsMk
Setup complete. Ready to route traffic, serve DHT, and act as Supernode.
Peer connected: 12D3KooWSt48a64Ft893WGPvWKQuNZo5d3yXrxNnufRmV4w53MYP
Peer disconnected: 12D3KooWSt48a64Ft893WGPvWKQuNZo5d3yXrxNnufRmV4w53MYP
Peer connected: 12D3KooWSqVGmazU48wFizYq4NhC1upyHUqhHKRtNNTN16V5ijHb
Peer disconnected: 12D3KooWSqVGmazU48wFizYq4NhC1upyHUqhHKRtNNTN16V5ijHb
Peer connected: 12D3KooWQXMxzBRWcWYAachyYoLSw5usoEPncSCPBZLbXKXrDN4p
Peer disconnected: 12D3KooWQXMxzBRWcWYAachyYoLSw5usoEPncSCPBZLbXKXrDN4p
Peer connected: 12D3KooWS6qAQRpSBJDDmGVE1Z5qi17VbBt64i2TqXUJUDNph4mB
Peer disconnected: 12D3KooWS6qAQRpSBJDDmGVE1Z5qi17VbBt64i2TqXUJUDNph4mB
Peer connected: 12D3KooWJH9htoE9SVSv8dbCyRjv3dTeJc9KQVaagdnAY9D7SXwQ
Peer disconnected: 12D3KooWJH9htoE9SVSv8dbCyRjv3dTeJc9KQVaagdnAY9D7SXwQ
Peer connected: 12D3KooWNpXTRNLRe551ScqknxdxuKPJnXEc2Wr93TdHbSqwZaGS
Peer disconnected: 12D3KooWNpXTRNLRe551ScqknxdxuKPJnXEc2Wr93TdHbSqwZaGS
Peer connected: 12D3KooWBQvctshhycMHJqBNbjSmab7q5raA2xWZb93mifvSP2UA
Peer disconnected: 12D3KooWBQvctshhycMHJqBNbjSmab7q5raA2xWZb93mifvSP2UA
Peer connected: 12D3KooWBrMYAVcWeGd62BeMUxyrqdqFcjtiYTpjQbHTM6q55osS
Peer disconnected: 12D3KooWBrMYAVcWeGd62BeMUxyrqdqFcjtiYTpjQbHTM6q55osS
Peer connected: 12D3KooWC9vs1jjd5beqW2B87v3YWLPPTVA3gb8oD1VYidTqujQ6
Peer disconnected: 12D3KooWC9vs1jjd5beqW2B87v3YWLPPTVA3gb8oD1VYidTqujQ6
Peer connected: 12D3KooWBGNq81fEoAFLMHvNjQeg2GXpjvDoygdA3UcReC4aYou8
Peer disconnected: 12D3KooWBGNq81fEoAFLMHvNjQeg2GXpjvDoygdA3UcReC4aYou8
